<?xml version="1.0" encoding="UTF-8"?>
<testsuite name="ArmstrongNumbersTest" tests="9" skipped="0" failures="0" errors="0" timestamp="2024-01-30T05:29:17" hostname="ABHI-FX506" time="0.064">
  <properties/>
  <testcase name="threeDigitNumberIsNotArmstrongNumber()" classname="ArmstrongNumbersTest" time="0.046"/>
  <testcase name="sevenDigitNumberIsNotArmstrongNumber()" classname="ArmstrongNumbersTest" time="0.001"/>
  <testcase name="noTwoDigitArmstrongNumbers()" classname="ArmstrongNumbersTest" time="0.001"/>
  <testcase name="singleDigitsAreArmstrongNumbers()" classname="ArmstrongNumbersTest" time="0.001"/>
  <testcase name="zeroIsArmstrongNumber()" classname="ArmstrongNumbersTest" time="0.001"/>
  <testcase name="sevenDigitNumberIsArmstrongNumber()" classname="ArmstrongNumbersTest" time="0.001"/>
  <testcase name="fourDigitNumberIsNotArmstrongNumber()" classname="ArmstrongNumbersTest" time="0.001"/>
  <testcase name="fourDigitNumberIsArmstrongNumber()" classname="ArmstrongNumbersTest" time="0.001"/>
  <testcase name="threeDigitNumberIsArmstrongNumber()" classname="ArmstrongNumbersTest" time="0.001"/>
  <system-out><![CDATA[]]></system-out>
  <system-err><![CDATA[]]></system-err>
</testsuite>
